<?xml version="1.0" encoding="UTF-8"?>
<testsuite xmlns:xsi="http://www.w3.org/2001/XMLSchema-instance" xsi:noNamespaceSchemaLocation="https://maven.apache.org/surefire/maven-surefire-plugin/xsd/surefire-test-report-3.0.xsd" version="3.0" name="com.example.loading_page_turistango.LoadingPageTuristangoApplicationTests" time="3.727" tests="1" errors="0" skipped="0" failures="0">
  <properties>
[...]
</properties>
  <testcase name="contextLoads" classname="com.example.loading_page_turistango.LoadingPageTuristangoApplicationTests" time="1.195">
    <system-out><![CDATA[17:40:48.242 [main] INFO org.springframework.test.context.support.AnnotationConfigContextLoaderUtils -- Could not detect default configuration classes for test class [com.example.loading_page_turistango.LoadingPageTuristangoApplicationTests]: LoadingPageTuristangoApplicationTests does not declare any static, non-private, non-final, nested classes annotated with @Configuration.
17:40:48.348 [main] INFO org.springframework.boot.test.context.SpringBootTestContextBootstrapper -- Found @SpringBootConfiguration com.example.loading_page_turistango.LoadingPageTuristangoApplication for test class com.example.loading_page_turistango.LoadingPageTuristangoApplicationTests
17:40:48.562 [main] INFO org.springframework.boot.devtools.restart.RestartApplicationListener -- Restart disabled due to context in which it is running

  .   ____          _            __ _ _
 /\\ / ___'_ __ _ _(_)_ __  __ _ \ \ \ \
( ( )\___ | '_ | '_| | '_ \/ _` | \ \ \ \
 \\/  ___)| |_)| | | | | || (_| |  ) ) ) )
  '  |____| .__|_| |_|_| |_\__, | / / / /
 =========|_|==============|___/=/_/_/_/

 :: Spring Boot ::                (v3.3.4)

2024-10-22T17:40:48.944-03:00  INFO 9816 --- [loading-page-turistango] [           main] .l.LoadingPageTuristangoApplicationTests : Starting LoadingPageTuristangoApplicationTests using Java 17.0.6 with PID 9816 (started by Usuario in D:\Trabajos\turos-loading-page\loading-page-turistango)
2024-10-22T17:40:48.947-03:00  INFO 9816 --- [loading-page-turistango] [           main] .l.LoadingPageTuristangoApplicationTests : No active profile set, falling back to 1 default profile: "default"
2024-10-22T17:40:50.575-03:00  INFO 9816 --- [loading-page-turistango] [           main] .l.LoadingPageTuristangoApplicationTests : Started LoadingPageTuristangoApplicationTests in 2.027 seconds (process running for 3.246)
]]></system-out>
  </testcase>
</testsuite>